<?xml version="1.0" encoding="UTF-8"?>
<testsuites name="jest tests" tests="2" failures="0" errors="0" time="8.559">
  <testsuite name="Casting Director, login" errors="0" failures="0" skipped="0" timestamp="2021-09-30T11:07:18" time="8.097" tests="2">
    <testcase classname="Casting Director, login Login with valid credentials" name="Casting Director, login Login with valid credentials" time="1.736">
    </testcase>
    <testcase classname="Casting Director, login Login with invalid credentials" name="Casting Director, login Login with invalid credentials" time="0.998">
    </testcase>
  </testsuite>
</testsuites>